<?xml version="1.0" encoding="UTF-8"?>
<!-- Generated by org.testng.reporters.JUnitXMLReporter -->
<testsuite ignored="1" hostname="Folkslogic01" failures="0" tests="1" name="Default test" time="16.276" errors="0" timestamp="2024-03-12T10:42:59 IST">
  <testcase classname="com.testcases.AddDriverTest" name="AddUserwithoutfillingtheDetails" time="1.003"/>
  <testcase classname="com.testcases.AddDriverTest" name="AddaDriver" time="0.0">
    <ignored/>
  </testcase> <!-- AddaDriver -->
</testsuite> <!-- Default test -->
