<?xml version="1.0" encoding="UTF-8"?>
<testng-results ignored="1" total="2" passed="1" failed="0" skipped="0">
  <reporter-output>
  </reporter-output>
  <suite started-at="2024-03-12T10:42:43 IST" name="Default suite" finished-at="2024-03-12T10:42:59 IST" duration-ms="16276">
    <groups>
    </groups>
    <test started-at="2024-03-12T10:42:43 IST" name="Default test" finished-at="2024-03-12T10:42:59 IST" duration-ms="16276">
      <class name="com.testcases.AddDriverTest">
        <test-method is-config="true" signature="Setup()[pri:0, instance:com.testcases.AddDriverTest@53aac487]" started-at="2024-03-12T10:42:43 IST" name="Setup" finished-at="2024-03-12T10:42:55 IST" duration-ms="11874" status="PASS">
          <reporter-output>
          </reporter-output>
        </test-method> <!-- Setup -->
        <test-method signature="AddUserwithoutfillingtheDetails()[pri:2, instance:com.testcases.AddDriverTest@53aac487]" started-at="2024-03-12T10:42:55 IST" name="AddUserwithoutfillingtheDetails" finished-at="2024-03-12T10:42:56 IST" duration-ms="1003" status="PASS">
          <reporter-output>
          </reporter-output>
        </test-method> <!-- AddUserwithoutfillingtheDetails -->
        <test-method is-config="true" signature="setdown()[pri:0, instance:com.testcases.AddDriverTest@53aac487]" started-at="2024-03-12T10:42:56 IST" name="setdown" finished-at="2024-03-12T10:42:59 IST" duration-ms="3361" status="PASS">
          <reporter-output>
          </reporter-output>
        </test-method> <!-- setdown -->
      </class> <!-- com.testcases.AddDriverTest -->
    </test> <!-- Default test -->
  </suite> <!-- Default suite -->
</testng-results>
